SaberBeatsVRGame/Library/Bee/Android/Prj/Mono2x/Gradle/unityLibrary/build/intermediates/manifest_merge_blame_file/release/manifest-merger-blame-release-report.txt
1<?xml version="1.0" encoding="utf-8"?>
2<manifest xmlns:android="http://schemas.android.com/apk/res/android"
3    xmlns:tools="http://schemas.android.com/tools"
4    package="com.unity3d.player"
5    android:installLocation="auto"
6    android:versionCode="1"
7    android:versionName="0.1.0" >
8
9    <uses-sdk
10        android:minSdkVersion="23"
10-->src\main\AndroidManifest.xml
11        android:targetSdkVersion="30" />
11-->src\main\AndroidManifest.xml
12
13    <uses-feature android:glEsVersion="0x00030000" />
13-->src\main\AndroidManifest.xml:25:3-52
13-->src\main\AndroidManifest.xml:25:17-49
14
15    <uses-permission android:name="android.permission.INTERNET" />
15-->src\main\AndroidManifest.xml:26:3-65
15-->src\main\AndroidManifest.xml:26:20-62
16    <uses-permission android:name="android.permission.ACCESS_NETWORK_STATE" />
16-->src\main\AndroidManifest.xml:27:3-77
16-->src\main\AndroidManifest.xml:27:20-74
17
18    <uses-feature
18-->src\main\AndroidManifest.xml:28:3-88
19        android:name="android.hardware.touchscreen"
19-->src\main\AndroidManifest.xml:28:17-60
20        android:required="false" />
20-->src\main\AndroidManifest.xml:28:61-85
21    <uses-feature
21-->src\main\AndroidManifest.xml:29:3-99
22        android:name="android.hardware.touchscreen.multitouch"
22-->src\main\AndroidManifest.xml:29:17-71
23        android:required="false" />
23-->src\main\AndroidManifest.xml:29:72-96
24    <uses-feature
24-->src\main\AndroidManifest.xml:30:3-108
25        android:name="android.hardware.touchscreen.multitouch.distinct"
25-->src\main\AndroidManifest.xml:30:17-80
26        android:required="false" />
26-->src\main\AndroidManifest.xml:30:81-105
27    <uses-feature
27-->src\main\AndroidManifest.xml:31:3-111
28        android:name="android.hardware.vr.headtracking"
28-->src\main\AndroidManifest.xml:31:17-64
29        android:required="true"
29-->src\main\AndroidManifest.xml:31:65-88
30        android:version="1" />
30-->src\main\AndroidManifest.xml:31:89-108
31
32    <application android:extractNativeLibs="true" >
32-->src\main\AndroidManifest.xml:3:3-24:17
32-->src\main\AndroidManifest.xml:3:16-48
33        <activity
33-->src\main\AndroidManifest.xml:4:5-13:16
34            android:name="com.unity3d.player.UnityPlayerActivity"
34-->src\main\AndroidManifest.xml:4:15-68
35            android:configChanges="keyboard|keyboardHidden|navigation|orientation|screenLayout|screenSize|uiMode"
35-->src\main\AndroidManifest.xml:4:204-305
36            android:hardwareAccelerated="false"
36-->src\main\AndroidManifest.xml:4:341-376
37            android:launchMode="singleTask"
37-->src\main\AndroidManifest.xml:4:172-203
38            android:resizeableActivity="false"
38-->src\main\AndroidManifest.xml:4:306-340
39            android:screenOrientation="landscape"
39-->src\main\AndroidManifest.xml:4:134-171
40            android:theme="@android:style/Theme.Black.NoTitleBar.Fullscreen" >
40-->src\main\AndroidManifest.xml:4:69-133
41            <intent-filter>
41-->src\main\AndroidManifest.xml:5:7-9:23
42                <action android:name="android.intent.action.MAIN" />
42-->src\main\AndroidManifest.xml:6:9-61
42-->src\main\AndroidManifest.xml:6:17-58
43
44                <category android:name="android.intent.category.LAUNCHER" />
44-->src\main\AndroidManifest.xml:7:9-69
44-->src\main\AndroidManifest.xml:7:19-66
45                <category android:name="com.oculus.intent.category.VR" />
45-->src\main\AndroidManifest.xml:8:9-66
45-->src\main\AndroidManifest.xml:8:19-63
46            </intent-filter>
47
48            <meta-data
48-->src\main\AndroidManifest.xml:10:7-82
49                android:name="unityplayer.UnityActivity"
49-->src\main\AndroidManifest.xml:10:18-58
50                android:value="true" />
50-->src\main\AndroidManifest.xml:10:59-79
51            <meta-data
51-->src\main\AndroidManifest.xml:11:7-78
52                android:name="android.notch_support"
52-->src\main\AndroidManifest.xml:11:18-54
53                android:value="true" />
53-->src\main\AndroidManifest.xml:11:55-75
54            <meta-data
54-->src\main\AndroidManifest.xml:12:7-81
55                android:name="com.oculus.vr.focusaware"
55-->src\main\AndroidManifest.xml:12:18-57
56                android:value="true" />
56-->src\main\AndroidManifest.xml:12:58-78
57        </activity>
58
59        <meta-data
59-->src\main\AndroidManifest.xml:14:5-69
60            android:name="unity.splash-mode"
60-->src\main\AndroidManifest.xml:14:16-48
61            android:value="0" />
61-->src\main\AndroidManifest.xml:14:49-66
62        <meta-data
62-->src\main\AndroidManifest.xml:15:5-74
63            android:name="unity.splash-enable"
63-->src\main\AndroidManifest.xml:15:16-50
64            android:value="True" />
64-->src\main\AndroidManifest.xml:15:51-71
65        <meta-data
65-->src\main\AndroidManifest.xml:16:5-78
66            android:name="unity.launch-fullscreen"
66-->src\main\AndroidManifest.xml:16:16-54
67            android:value="True" />
67-->src\main\AndroidManifest.xml:16:55-75
68        <meta-data
68-->src\main\AndroidManifest.xml:17:5-84
69            android:name="unity.allow-resizable-window"
69-->src\main\AndroidManifest.xml:17:16-59
70            android:value="False" />
70-->src\main\AndroidManifest.xml:17:60-81
71        <meta-data
71-->src\main\AndroidManifest.xml:18:5-81
72            android:name="notch.config"
72-->src\main\AndroidManifest.xml:18:16-43
73            android:value="portrait|landscape" />
73-->src\main\AndroidManifest.xml:18:44-78
74        <meta-data
74-->src\main\AndroidManifest.xml:19:5-97
75            android:name="com.samsung.android.vr.application.mode"
75-->src\main\AndroidManifest.xml:19:16-70
76            android:value="vr_only" />
76-->src\main\AndroidManifest.xml:19:71-94
77        <meta-data
77-->src\main\AndroidManifest.xml:20:5-91
78            android:name="com.unity.xr.oculus.LowOverheadMode"
78-->src\main\AndroidManifest.xml:20:16-66
79            android:value="false" />
79-->src\main\AndroidManifest.xml:20:67-88
80        <meta-data
80-->src\main\AndroidManifest.xml:21:5-88
81            android:name="com.unity.xr.oculus.LateLatching"
81-->src\main\AndroidManifest.xml:21:16-63
82            android:value="false" />
82-->src\main\AndroidManifest.xml:21:64-85
83        <meta-data
83-->src\main\AndroidManifest.xml:22:5-93
84            android:name="com.unity.xr.oculus.LateLatchingDebug"
84-->src\main\AndroidManifest.xml:22:16-68
85            android:value="false" />
85-->src\main\AndroidManifest.xml:22:69-90
86        <meta-data
86-->src\main\AndroidManifest.xml:23:5-90
87            android:name="com.oculus.supportedDevices"
87-->src\main\AndroidManifest.xml:23:16-58
88            android:value="quest|quest2" />
88-->src\main\AndroidManifest.xml:23:59-87
89    </application>
90
91</manifest>